<?xml version="1.0" encoding="UTF-8"?>
<!-- Generated by org.testng.reporters.JUnitXMLReporter -->
<testsuite ignored="3" hostname="LTIBUK05463" failures="0" tests="1" name="Default test" time="17.724" errors="0" timestamp="2022-03-22T22:57:09 GMT">
  <testcase classname="com.mavenseleniumproj.tests.DashboardTest" name="login" time="8.11"/>
  <testcase classname="com.mavenseleniumproj.tests.DashboardTest" name="openSpecificDashboard" time="0.0">
    <ignored/>
  </testcase> <!-- openSpecificDashboard -->
  <testcase classname="com.mavenseleniumproj.tests.DashboardTest" name="copyCurrentDashboard" time="0.0">
    <ignored/>
  </testcase> <!-- copyCurrentDashboard -->
  <testcase classname="com.mavenseleniumproj.tests.DashboardTest" name="dateOperation" time="0.0">
    <ignored/>
  </testcase> <!-- dateOperation -->
</testsuite> <!-- Default test -->
