<?xml version="1.0" encoding="UTF-8"?>
<!-- Generated by org.testng.reporters.JUnitXMLReporter -->
<testsuite ignored="0" hostname="LTIBUK05463" failures="0" tests="4" name="Test" time="142.646" errors="0" timestamp="2022-03-22T23:16:11 GMT">
  <testcase classname="com.mavenseleniumproj.tests.DashboardTest" name="login" time="31.374"/>
  <testcase classname="com.mavenseleniumproj.tests.DashboardTest" name="openSpecificDashboard" time="34.614"/>
  <testcase classname="com.mavenseleniumproj.tests.DashboardTest" name="dateOperation" time="30.305"/>
  <testcase classname="com.mavenseleniumproj.tests.DashboardTest" name="copyCurrentDashboard" time="36.556"/>
</testsuite> <!-- Test -->
