<?xml version="1.0" encoding="UTF-8"?>
<testng-results ignored="0" total="4" passed="4" failed="0" skipped="0">
  <reporter-output>
  </reporter-output>
  <suite started-at="2022-03-22T23:13:48 GMT" name="Suite" finished-at="2022-03-22T23:16:11 GMT" duration-ms="142646">
    <groups>
    </groups>
    <test started-at="2022-03-22T23:13:48 GMT" name="Test" finished-at="2022-03-22T23:16:11 GMT" duration-ms="142646">
      <class name="com.mavenseleniumproj.tests.DashboardTest">
        <test-method is-config="true" signature="initialize()[pri:0, instance:com.mavenseleniumproj.tests.DashboardTest@74fe5966]" started-at="2022-03-22T23:13:48 GMT" name="initialize" finished-at="2022-03-22T23:13:57 GMT" duration-ms="8628" status="PASS">
          <reporter-output>
          </reporter-output>
        </test-method> <!-- initialize -->
        <test-method signature="login()[pri:1, instance:com.mavenseleniumproj.tests.DashboardTest@74fe5966]" started-at="2022-03-22T23:13:57 GMT" name="login" description="Verify that the dashboard page displayed with defailt data" finished-at="2022-03-22T23:14:28 GMT" duration-ms="31374" status="PASS">
          <reporter-output>
          </reporter-output>
        </test-method> <!-- login -->
        <test-method signature="openSpecificDashboard()[pri:2, instance:com.mavenseleniumproj.tests.DashboardTest@74fe5966]" started-at="2022-03-22T23:14:29 GMT" name="openSpecificDashboard" description="Verify if user can change the date and validate the data in dashboard" finished-at="2022-03-22T23:15:03 GMT" duration-ms="34614" status="PASS">
          <reporter-output>
          </reporter-output>
        </test-method> <!-- openSpecificDashboard -->
        <test-method signature="dateOperation()[pri:3, instance:com.mavenseleniumproj.tests.DashboardTest@74fe5966]" started-at="2022-03-22T23:15:03 GMT" name="dateOperation" description="Verify if user can clone the current dashboard and validate the data" finished-at="2022-03-22T23:15:34 GMT" duration-ms="30305" status="PASS">
          <reporter-output>
          </reporter-output>
        </test-method> <!-- dateOperation -->
        <test-method signature="copyCurrentDashboard()[pri:4, instance:com.mavenseleniumproj.tests.DashboardTest@74fe5966]" started-at="2022-03-22T23:15:34 GMT" name="copyCurrentDashboard" description="Verify if user can delete the current dashboard" finished-at="2022-03-22T23:16:10 GMT" duration-ms="36556" status="PASS">
          <reporter-output>
          </reporter-output>
        </test-method> <!-- copyCurrentDashboard -->
        <test-method is-config="true" signature="teardown()[pri:0, instance:com.mavenseleniumproj.tests.DashboardTest@74fe5966]" started-at="2022-03-22T23:16:10 GMT" name="teardown" finished-at="2022-03-22T23:16:11 GMT" duration-ms="823" status="PASS">
          <reporter-output>
          </reporter-output>
        </test-method> <!-- teardown -->
      </class> <!-- com.mavenseleniumproj.tests.DashboardTest -->
    </test> <!-- Test -->
  </suite> <!-- Suite -->
</testng-results>
