<?xml version="1.0" encoding="UTF-8"?>
<testsuite xmlns:xsi="http://www.w3.org/2001/XMLSchema-instance" xsi:schemaLocation="https://maven.apache.org/surefire/maven-surefire-plugin/xsd/surefire-test-report.xsd" name="TestSuite" time="145.965" tests="4" errors="0" skipped="0" failures="0">
  <properties>
[...]
</properties>
  <testcase name="login" classname="com.mavenseleniumproj.tests.DashboardTest" time="31.572"/>
  <testcase name="openSpecificDashboard" classname="com.mavenseleniumproj.tests.DashboardTest" time="34.618"/>
  <testcase name="dateOperation" classname="com.mavenseleniumproj.tests.DashboardTest" time="30.311"/>
  <testcase name="copyCurrentDashboard" classname="com.mavenseleniumproj.tests.DashboardTest" time="36.571"/>
</testsuite>