<?xml version="1.0" encoding="UTF-8"?>
<testng-results ignored="3" total="4" passed="1" failed="0" skipped="0">
  <reporter-output>
  </reporter-output>
  <suite started-at="2022-03-22T22:56:52 GMT" name="Default suite" finished-at="2022-03-22T22:57:09 GMT" duration-ms="17724">
    <groups>
    </groups>
    <test started-at="2022-03-22T22:56:52 GMT" name="Default test" finished-at="2022-03-22T22:57:09 GMT" duration-ms="17724">
      <class name="com.mavenseleniumproj.tests.DashboardTest">
        <test-method is-config="true" signature="initialize()[pri:0, instance:com.mavenseleniumproj.tests.DashboardTest@7144655b]" started-at="2022-03-22T22:56:52 GMT" name="initialize" finished-at="2022-03-22T22:57:00 GMT" duration-ms="8311" status="PASS">
          <reporter-output>
          </reporter-output>
        </test-method> <!-- initialize -->
        <test-method signature="login()[pri:1, instance:com.mavenseleniumproj.tests.DashboardTest@7144655b]" started-at="2022-03-22T22:57:00 GMT" name="login" description="Verify that the dashboard page displayed with defailt data" finished-at="2022-03-22T22:57:08 GMT" duration-ms="8110" status="PASS">
          <reporter-output>
          </reporter-output>
        </test-method> <!-- login -->
        <test-method is-config="true" signature="teardown()[pri:0, instance:com.mavenseleniumproj.tests.DashboardTest@7144655b]" started-at="2022-03-22T22:57:08 GMT" name="teardown" finished-at="2022-03-22T22:57:09 GMT" duration-ms="871" status="PASS">
          <reporter-output>
          </reporter-output>
        </test-method> <!-- teardown -->
      </class> <!-- com.mavenseleniumproj.tests.DashboardTest -->
    </test> <!-- Default test -->
  </suite> <!-- Default suite -->
</testng-results>
